Z:\ICA RILUCI\PROJECT\IMAGEPROCESSOR\INPUT\TRIAL1\READINHEX\DEBUG\MAIN.OBJ
Z:\ICA RILUCI\PROJECT\IMAGEPROCESSOR\INPUT\TRIAL1\READINHEX\DEBUG\VC110.PDB
Z:\ICA RILUCI\PROJECT\IMAGEPROCESSOR\INPUT\TRIAL1\DEBUG\READINHEX.ILK
Z:\ICA RILUCI\PROJECT\IMAGEPROCESSOR\INPUT\TRIAL1\DEBUG\READINHEX.EXE
Z:\ICA RILUCI\PROJECT\IMAGEPROCESSOR\INPUT\TRIAL1\DEBUG\READINHEX.PDB
Z:\Ica Riluci\Project\imageProcessor\input\trial1\readInHex\Debug\main.obj
Z:\Ica Riluci\Project\imageProcessor\input\trial1\readInHex\Debug\cl.command.1.tlog
Z:\Ica Riluci\Project\imageProcessor\input\trial1\readInHex\Debug\CL.read.1.tlog
Z:\Ica Riluci\Project\imageProcessor\input\trial1\readInHex\Debug\CL.write.1.tlog
Z:\Ica Riluci\Project\imageProcessor\input\trial1\readInHex\Debug\link-cvtres.read.1.tlog
Z:\Ica Riluci\Project\imageProcessor\input\trial1\readInHex\Debug\link-cvtres.write.1.tlog
Z:\Ica Riluci\Project\imageProcessor\input\trial1\readInHex\Debug\link-rc.read.1.tlog
Z:\Ica Riluci\Project\imageProcessor\input\trial1\readInHex\Debug\link-rc.write.1.tlog
Z:\Ica Riluci\Project\imageProcessor\input\trial1\readInHex\Debug\link.command.1.tlog
Z:\Ica Riluci\Project\imageProcessor\input\trial1\readInHex\Debug\link.read.1.tlog
Z:\Ica Riluci\Project\imageProcessor\input\trial1\readInHex\Debug\link.write.1.tlog
Z:\Ica Riluci\Project\imageProcessor\input\trial1\readInHex\Debug\vc110.idb
Z:\Ica Riluci\Project\imageProcessor\input\trial1\readInHex\Debug\vc110.pdb
Z:\Ica Riluci\Project\imageProcessor\input\trial1\Debug\readInHex.pdb
Z:\Ica Riluci\Project\imageProcessor\input\trial1\Debug\readInHex.exe
Z:\Ica Riluci\Project\imageProcessor\input\trial1\Debug\readInHex.ilk
